This is pdfTeX, Version 3.14159265-2.6-1.40.17 (TeX Live 2016) (preloaded format=latex 2016.11.16)  3 OCT 2018 19:29
entering extended mode
**Main.tex
(Main.tex
LaTeX2e <2016/03/31>
Babel <3.9r> and hyphenation patterns for 83 language(s) loaded.

(/var/containers/Bundle/Application/B6811DCB-0033-43DD-9C63-F9231E15CF8C/TeX Wr
iter.app/texmf-base/./tex/latex/base/article.cls
Document Class: article 2014/09/29 v1.4h Standard LaTeX document class

(/var/containers/Bundle/Application/B6811DCB-0033-43DD-9C63-F9231E15CF8C/TeX Wr
iter.app/texmf-base/./tex/latex/base/size12.clo
File: size12.clo 2014/09/29 v1.4h Standard LaTeX file (size option)
)
\c@part=\count79
\c@section=\count80
\c@subsection=\count81
\c@subsubsection=\count82
\c@paragraph=\count83
\c@subparagraph=\count84
\c@figure=\count85
\c@table=\count86
\abovecaptionskip=\skip41
\belowcaptionskip=\skip42
\bibindent=\dimen102
) (TitlePage.sty
Package: TitlePage 

(/var/containers/Bundle/Application/B6811DCB-0033-43DD-9C63-F9231E15CF8C/TeX Wr
iter.app/texmf-base/./tex/latex/graphics/graphicx.sty
Package: graphicx 2014/10/28 v1.0g Enhanced LaTeX Graphics (DPC,SPQR)

(/var/containers/Bundle/Application/B6811DCB-0033-43DD-9C63-F9231E15CF8C/TeX Wr
iter.app/texmf-base/./tex/latex/graphics/keyval.sty
Package: keyval 2014/10/28 v1.15 key=value parser (DPC)
\KV@toks@=\toks14
)
(/var/containers/Bundle/Application/B6811DCB-0033-43DD-9C63-F9231E15CF8C/TeX Wr
iter.app/texmf-base/./tex/latex/graphics/graphics.sty
Package: graphics 2016/05/09 v1.0r Standard LaTeX Graphics (DPC,SPQR)

(/var/containers/Bundle/Application/B6811DCB-0033-43DD-9C63-F9231E15CF8C/TeX Wr
iter.app/texmf-base/./tex/latex/graphics/trig.sty
Package: trig 2016/01/03 v1.10 sin cos tan (DPC)
)
(/var/mobile/Containers/Data/Application/2DF453A6-3066-47E0-ADB9-191A2CD2D043/L
ibrary/Caches/texmf-dist/./tex/latex/graphics-cfg/graphics.cfg
File: graphics.cfg 2016/01/02 v1.10 sample graphics configuration
)
Package graphics Info: Driver file: pdftex.def on input line 96.

(/var/mobile/Containers/Data/Application/2DF453A6-3066-47E0-ADB9-191A2CD2D043/L
ibrary/Caches/texmf-dist/./tex/latex/pdftex-def/pdftex.def
File: pdftex.def 2011/05/27 v0.06d Graphics/color for pdfTeX

(/var/mobile/Containers/Data/Application/2DF453A6-3066-47E0-ADB9-191A2CD2D043/L
ibrary/Caches/texmf-dist/./tex/generic/oberdiek/infwarerr.sty
Package: infwarerr 2016/05/16 v1.4 Providing info/warning/error messages (HO)
)
(/var/mobile/Containers/Data/Application/2DF453A6-3066-47E0-ADB9-191A2CD2D043/L
ibrary/Caches/texmf-dist/./tex/generic/oberdiek/ltxcmds.sty
Package: ltxcmds 2016/05/16 v1.23 LaTeX kernel commands for general use (HO)
)
\Gread@gobject=\count87
))
\Gin@req@height=\dimen103
\Gin@req@width=\dimen104
)
(/var/mobile/Containers/Data/Application/2DF453A6-3066-47E0-ADB9-191A2CD2D043/L
ibrary/Caches/texmf-dist/./tex/latex/tools/multicol.sty
Package: multicol 2016/04/07 v1.8p multicolumn formatting (FMi)
\c@tracingmulticols=\count88


Package multicol Warning: May not work with the twocolumn option on input line 
134.

\mult@box=\box26
\multicol@leftmargin=\dimen105
\c@unbalance=\count89
\c@collectmore=\count90
\doublecol@number=\count91
\multicoltolerance=\count92
\multicolpretolerance=\count93
\full@width=\dimen106
\page@free=\dimen107
\premulticols=\dimen108
\postmulticols=\dimen109
\multicolsep=\skip43
\multicolbaselineskip=\skip44
\partial@page=\box27
\last@line=\box28
\maxbalancingoverflow=\dimen110
\mult@rightbox=\box29
\mult@grightbox=\box30
\mult@gfirstbox=\box31
\mult@firstbox=\box32
\@tempa=\box33
\@tempa=\box34
\@tempa=\box35
\@tempa=\box36
\@tempa=\box37
\@tempa=\box38
\@tempa=\box39
\@tempa=\box40
\@tempa=\box41
\@tempa=\box42
\@tempa=\box43
\@tempa=\box44
\@tempa=\box45
\@tempa=\box46
\@tempa=\box47
\@tempa=\box48
\@tempa=\box49
\c@columnbadness=\count94
\c@finalcolumnbadness=\count95
\last@try=\dimen111
\multicolovershoot=\dimen112
\multicolundershoot=\dimen113
\mult@nat@firstbox=\box50
\colbreak@box=\box51
\mc@col@check@num=\count96
)
(/var/mobile/Containers/Data/Application/2DF453A6-3066-47E0-ADB9-191A2CD2D043/L
ibrary/Caches/texmf-dist/./tex/latex/sectsty/sectsty.sty
Package: sectsty 2002/02/25 v2.0.2 Commands to change all sectional heading sty
les
)
(/var/mobile/Containers/Data/Application/2DF453A6-3066-47E0-ADB9-191A2CD2D043/L
ibrary/Caches/texmf-dist/./tex/latex/fancyhdr/fancyhdr.sty
\fancy@headwidth=\skip45
\f@ncyO@elh=\skip46
\f@ncyO@erh=\skip47
\f@ncyO@olh=\skip48
\f@ncyO@orh=\skip49
\f@ncyO@elf=\skip50
\f@ncyO@erf=\skip51
\f@ncyO@olf=\skip52
\f@ncyO@orf=\skip53
))
(/var/containers/Bundle/Application/B6811DCB-0033-43DD-9C63-F9231E15CF8C/TeX Wr
iter.app/texmf-base/./tex/latex/amsmath/amsmath.sty
Package: amsmath 2016/03/10 v2.15b AMS math features
\@mathmargin=\skip54

For additional information on amsmath, use the `?' option.

(/var/containers/Bundle/Application/B6811DCB-0033-43DD-9C63-F9231E15CF8C/TeX Wr
iter.app/texmf-base/./tex/latex/amsmath/amstext.sty
Package: amstext 2000/06/29 v2.01 AMS text

(/var/containers/Bundle/Application/B6811DCB-0033-43DD-9C63-F9231E15CF8C/TeX Wr
iter.app/texmf-base/./tex/latex/amsmath/amsgen.sty
File: amsgen.sty 1999/11/30 v2.0 generic functions
\@emptytoks=\toks15
\ex@=\dimen114
))
(/var/containers/Bundle/Application/B6811DCB-0033-43DD-9C63-F9231E15CF8C/TeX Wr
iter.app/texmf-base/./tex/latex/amsmath/amsbsy.sty
Package: amsbsy 1999/11/29 v1.2d Bold Symbols
\pmbraise@=\dimen115
)
(/var/containers/Bundle/Application/B6811DCB-0033-43DD-9C63-F9231E15CF8C/TeX Wr
iter.app/texmf-base/./tex/latex/amsmath/amsopn.sty
Package: amsopn 2016/03/08 v2.02 operator names
)
\inf@bad=\count97
LaTeX Info: Redefining \frac on input line 199.
\uproot@=\count98
\leftroot@=\count99
LaTeX Info: Redefining \overline on input line 297.
\classnum@=\count100
\DOTSCASE@=\count101
LaTeX Info: Redefining \ldots on input line 394.
LaTeX Info: Redefining \dots on input line 397.
LaTeX Info: Redefining \cdots on input line 518.
\Mathstrutbox@=\box52
\strutbox@=\box53
\big@size=\dimen116
LaTeX Font Info:    Redeclaring font encoding OML on input line 634.
LaTeX Font Info:    Redeclaring font encoding OMS on input line 635.
\macc@depth=\count102
\c@MaxMatrixCols=\count103
\dotsspace@=\muskip10
\c@parentequation=\count104
\dspbrk@lvl=\count105
\tag@help=\toks16
\row@=\count106
\column@=\count107
\maxfields@=\count108
\andhelp@=\toks17
\eqnshift@=\dimen117
\alignsep@=\dimen118
\tagshift@=\dimen119
\tagwidth@=\dimen120
\totwidth@=\dimen121
\lineht@=\dimen122
\@envbody=\toks18
\multlinegap=\skip55
\multlinetaggap=\skip56
\mathdisplay@stack=\toks19
LaTeX Info: Redefining \[ on input line 2739.
LaTeX Info: Redefining \] on input line 2740.
)
(/var/containers/Bundle/Application/B6811DCB-0033-43DD-9C63-F9231E15CF8C/TeX Wr
iter.app/texmf-base/./tex/latex/amsfonts/amssymb.sty
Package: amssymb 2013/01/14 v3.01 AMS font symbols

(/var/containers/Bundle/Application/B6811DCB-0033-43DD-9C63-F9231E15CF8C/TeX Wr
iter.app/texmf-base/./tex/latex/amsfonts/amsfonts.sty
Package: amsfonts 2013/01/14 v3.01 Basic AMSFonts support
\symAMSa=\mathgroup4
\symAMSb=\mathgroup5
LaTeX Font Info:    Overwriting math alphabet `\mathfrak' in version `bold'
(Font)                  U/euf/m/n --> U/euf/b/n on input line 106.
))
(/var/mobile/Containers/Data/Application/2DF453A6-3066-47E0-ADB9-191A2CD2D043/L
ibrary/Caches/texmf-dist/./tex/latex/caption/caption.sty
Package: caption 2016/02/21 v3.3-144 Customizing captions (AR)

(/var/mobile/Containers/Data/Application/2DF453A6-3066-47E0-ADB9-191A2CD2D043/L
ibrary/Caches/texmf-dist/./tex/latex/caption/caption3.sty
Package: caption3 2016/02/04 v1.7-139 caption3 kernel (AR)
Package caption3 Info: TeX engine: e-TeX on input line 67.
\captionmargin=\dimen123
\captionmargin@=\dimen124
\captionwidth=\dimen125
\caption@tempdima=\dimen126
\caption@indent=\dimen127
\caption@parindent=\dimen128
\caption@hangindent=\dimen129
)
\c@ContinuedFloat=\count109
)
(/var/mobile/Containers/Data/Application/2DF453A6-3066-47E0-ADB9-191A2CD2D043/L
ibrary/Caches/texmf-dist/./tex/latex/float/float.sty
Package: float 2001/11/08 v1.3d Float enhancements (AL)
\c@float@type=\count110
\float@exts=\toks20
\float@box=\box54
\@float@everytoks=\toks21
\@floatcapt=\box55
)
(/var/mobile/Containers/Data/Application/2DF453A6-3066-47E0-ADB9-191A2CD2D043/L
ibrary/Caches/texmf-dist/./tex/latex/pdfpages/pdfpages.sty
Package: pdfpages 2016/04/19 v0.5f Insert pages of external PDF documents (AM)

(/var/containers/Bundle/Application/B6811DCB-0033-43DD-9C63-F9231E15CF8C/TeX Wr
iter.app/texmf-base/./tex/latex/base/ifthen.sty
Package: ifthen 2014/09/29 v1.1c Standard LaTeX ifthen package (DPC)
)
(/var/mobile/Containers/Data/Application/2DF453A6-3066-47E0-ADB9-191A2CD2D043/L
ibrary/Caches/texmf-dist/./tex/latex/tools/calc.sty
Package: calc 2014/10/28 v4.3 Infix arithmetic (KKT,FJ)
\calc@Acount=\count111
\calc@Bcount=\count112
\calc@Adimen=\dimen130
\calc@Bdimen=\dimen131
\calc@Askip=\skip57
\calc@Bskip=\skip58
LaTeX Info: Redefining \setlength on input line 80.
LaTeX Info: Redefining \addtolength on input line 81.
\calc@Ccount=\count113
\calc@Cskip=\skip59
)
(/var/mobile/Containers/Data/Application/2DF453A6-3066-47E0-ADB9-191A2CD2D043/L
ibrary/Caches/texmf-dist/./tex/latex/eso-pic/eso-pic.sty
Package: eso-pic 2015/07/21 v2.0g eso-pic (RN)

(/var/mobile/Containers/Data/Application/2DF453A6-3066-47E0-ADB9-191A2CD2D043/L
ibrary/Caches/texmf-dist/./tex/generic/oberdiek/atbegshi.sty
Package: atbegshi 2016/05/16 v1.17 At begin shipout hook (HO)

(/var/mobile/Containers/Data/Application/2DF453A6-3066-47E0-ADB9-191A2CD2D043/L
ibrary/Caches/texmf-dist/./tex/generic/oberdiek/ifpdf.sty
Package: ifpdf 2016/05/14 v3.1 Provides the ifpdf switch
))
(/var/mobile/Containers/Data/Application/2DF453A6-3066-47E0-ADB9-191A2CD2D043/L
ibrary/Caches/texmf-dist/./tex/latex/xcolor/xcolor.sty
Package: xcolor 2016/05/11 v2.12 LaTeX color extensions (UK)

(/var/mobile/Containers/Data/Application/2DF453A6-3066-47E0-ADB9-191A2CD2D043/L
ibrary/Caches/texmf-dist/./tex/latex/graphics-cfg/color.cfg
File: color.cfg 2016/01/02 v1.6 sample color configuration
)
Package xcolor Info: Driver file: pdftex.def on input line 225.
Package xcolor Info: Model `cmy' substituted by `cmy0' on input line 1348.
Package xcolor Info: Model `hsb' substituted by `rgb' on input line 1352.
Package xcolor Info: Model `RGB' extended on input line 1364.
Package xcolor Info: Model `HTML' substituted by `rgb' on input line 1366.
Package xcolor Info: Model `Hsb' substituted by `hsb' on input line 1367.
Package xcolor Info: Model `tHsb' substituted by `hsb' on input line 1368.
Package xcolor Info: Model `HSB' substituted by `hsb' on input line 1369.
Package xcolor Info: Model `Gray' substituted by `gray' on input line 1370.
Package xcolor Info: Model `wave' substituted by `hsb' on input line 1371.
))
\AM@pagewidth=\dimen132
\AM@pageheight=\dimen133

(/var/mobile/Containers/Data/Application/2DF453A6-3066-47E0-ADB9-191A2CD2D043/L
ibrary/Caches/texmf-dist/./tex/latex/pdfpages/pppdftex.def
File: pppdftex.def 2016/04/19 v0.5f Pdfpages driver for pdfTeX (AM)
)
\AM@pagebox=\box56
\AM@global@opts=\toks22
\AM@toc@title=\toks23
\c@AM@survey=\count114
\AM@templatesizebox=\box57
)
(/var/mobile/Containers/Data/Application/2DF453A6-3066-47E0-ADB9-191A2CD2D043/L
ibrary/Caches/texmf-dist/./tex/latex/was/gensymb.sty
Package: gensymb 2003/07/02 v1.0 (WaS)
)
(/var/containers/Bundle/Application/B6811DCB-0033-43DD-9C63-F9231E15CF8C/TeX Wr
iter.app/texmf-base/./tex/latex/hyperref/hyperref.sty
Package: hyperref 2016/05/05 v6.83n Hypertext links for LaTeX

(/var/mobile/Containers/Data/Application/2DF453A6-3066-47E0-ADB9-191A2CD2D043/L
ibrary/Caches/texmf-dist/./tex/generic/oberdiek/hobsub-hyperref.sty
Package: hobsub-hyperref 2016/05/16 v1.14 Bundle oberdiek, subset hyperref (HO)


(/var/mobile/Containers/Data/Application/2DF453A6-3066-47E0-ADB9-191A2CD2D043/L
ibrary/Caches/texmf-dist/./tex/generic/oberdiek/hobsub-generic.sty
Package: hobsub-generic 2016/05/16 v1.14 Bundle oberdiek, subset generic (HO)
Package: hobsub 2016/05/16 v1.14 Construct package bundles (HO)
Package hobsub Info: Skipping package `infwarerr' (already loaded).
Package hobsub Info: Skipping package `ltxcmds' (already loaded).
Package: ifluatex 2016/05/16 v1.4 Provides the ifluatex switch (HO)
Package ifluatex Info: LuaTeX not detected.
Package: ifvtex 2016/05/16 v1.6 Detect VTeX and its facilities (HO)
Package ifvtex Info: VTeX not detected.
Package: intcalc 2016/05/16 v1.2 Expandable calculations with integers (HO)
Package hobsub Info: Skipping package `ifpdf' (already loaded).
Package: etexcmds 2016/05/16 v1.6 Avoid name clashes with e-TeX commands (HO)
Package etexcmds Info: Could not find \expanded.
(etexcmds)             That can mean that you are not using pdfTeX 1.50 or
(etexcmds)             that some package has redefined \expanded.
(etexcmds)             In the latter case, load this package earlier.
Package: kvsetkeys 2016/05/16 v1.17 Key value parser (HO)
Package: kvdefinekeys 2016/05/16 v1.4 Define keys (HO)
Package: pdftexcmds 2016/05/10 v0.21 Utility functions of pdfTeX for LuaTeX (HO
)
Package pdftexcmds Info: LuaTeX not detected.
Package pdftexcmds Info: \pdf@primitive is available.
Package pdftexcmds Info: \pdf@ifprimitive is available.
Package pdftexcmds Info: \pdfdraftmode found.
Package: pdfescape 2016/05/16 v1.14 Implements pdfTeX's escape features (HO)
Package: bigintcalc 2016/05/16 v1.4 Expandable calculations on big integers (HO
)
Package: bitset 2016/05/16 v1.2 Handle bit-vector datatype (HO)
Package: uniquecounter 2016/05/16 v1.3 Provide unlimited unique counter (HO)
)
Package hobsub Info: Skipping package `hobsub' (already loaded).
Package: letltxmacro 2016/05/16 v1.5 Let assignment for LaTeX macros (HO)
Package: hopatch 2016/05/16 v1.3 Wrapper for package hooks (HO)
Package: xcolor-patch 2016/05/16 xcolor patch
Package: atveryend 2016/05/16 v1.9 Hooks at the very end of document (HO)
Package atveryend Info: \enddocument detected (standard20110627).
Package hobsub Info: Skipping package `atbegshi' (already loaded).
Package: refcount 2016/05/16 v3.5 Data extraction from label references (HO)
Package: hycolor 2016/05/16 v1.8 Color options for hyperref/bookmark (HO)
)
(/var/mobile/Containers/Data/Application/2DF453A6-3066-47E0-ADB9-191A2CD2D043/L
ibrary/Caches/texmf-dist/./tex/generic/ifxetex/ifxetex.sty
Package: ifxetex 2010/09/12 v0.6 Provides ifxetex conditional
)
(/var/mobile/Containers/Data/Application/2DF453A6-3066-47E0-ADB9-191A2CD2D043/L
ibrary/Caches/texmf-dist/./tex/latex/oberdiek/auxhook.sty
Package: auxhook 2016/05/16 v1.4 Hooks for auxiliary files (HO)
)
(/var/mobile/Containers/Data/Application/2DF453A6-3066-47E0-ADB9-191A2CD2D043/L
ibrary/Caches/texmf-dist/./tex/latex/oberdiek/kvoptions.sty
Package: kvoptions 2016/05/16 v3.12 Key value format for package options (HO)
)
\@linkdim=\dimen134
\Hy@linkcounter=\count115
\Hy@pagecounter=\count116

(/var/containers/Bundle/Application/B6811DCB-0033-43DD-9C63-F9231E15CF8C/TeX Wr
iter.app/texmf-base/./tex/latex/hyperref/pd1enc.def
File: pd1enc.def 2016/05/05 v6.83n Hyperref: PDFDocEncoding definition (HO)
)
\Hy@SavedSpaceFactor=\count117

(/var/mobile/Containers/Data/Application/2DF453A6-3066-47E0-ADB9-191A2CD2D043/L
ibrary/Caches/texmf-dist/./tex/latex/latexconfig/hyperref.cfg
File: hyperref.cfg 2002/06/06 v1.2 hyperref configuration of TeXLive
)
Package hyperref Info: Hyper figures OFF on input line 4446.
Package hyperref Info: Link nesting OFF on input line 4451.
Package hyperref Info: Hyper index ON on input line 4454.
Package hyperref Info: Plain pages OFF on input line 4461.
Package hyperref Info: Backreferencing OFF on input line 4466.
Package hyperref Info: Implicit mode ON; LaTeX internals redefined.
Package hyperref Info: Bookmarks ON on input line 4691.
\c@Hy@tempcnt=\count118

(/var/mobile/Containers/Data/Application/2DF453A6-3066-47E0-ADB9-191A2CD2D043/L
ibrary/Caches/texmf-dist/./tex/latex/url/url.sty
\Urlmuskip=\muskip11
Package: url 2013/09/16  ver 3.4  Verb mode for urls, etc.
)
LaTeX Info: Redefining \url on input line 5044.
\XeTeXLinkMargin=\dimen135
\Fld@menulength=\count119
\Field@Width=\dimen136
\Fld@charsize=\dimen137
Package hyperref Info: Hyper figures OFF on input line 6298.
Package hyperref Info: Link nesting OFF on input line 6303.
Package hyperref Info: Hyper index ON on input line 6306.
Package hyperref Info: backreferencing OFF on input line 6313.
Package hyperref Info: Link coloring OFF on input line 6318.
Package hyperref Info: Link coloring with OCG OFF on input line 6323.
Package hyperref Info: PDF/A mode OFF on input line 6328.
LaTeX Info: Redefining \ref on input line 6368.
LaTeX Info: Redefining \pageref on input line 6372.
\Hy@abspage=\count120
\c@Item=\count121
\c@Hfootnote=\count122
)

Package hyperref Message: Driver (autodetected): hpdftex.


(/var/containers/Bundle/Application/B6811DCB-0033-43DD-9C63-F9231E15CF8C/TeX Wr
iter.app/texmf-base/./tex/latex/hyperref/hpdftex.def
File: hpdftex.def 2016/05/05 v6.83n Hyperref driver for pdfTeX
\Fld@listcount=\count123
\c@bookmark@seq@number=\count124

(/var/mobile/Containers/Data/Application/2DF453A6-3066-47E0-ADB9-191A2CD2D043/L
ibrary/Caches/texmf-dist/./tex/latex/oberdiek/rerunfilecheck.sty
Package: rerunfilecheck 2016/05/16 v1.8 Rerun checks for auxiliary files (HO)
Package uniquecounter Info: New unique counter `rerunfilecheck' on input line 2
82.
)
\Hy@SectionHShift=\skip60
)
Package hyperref Info: Option `colorlinks' set `true' on input line 21.

(/var/mobile/Containers/Data/Application/2DF453A6-3066-47E0-ADB9-191A2CD2D043/L
ibrary/Caches/texmf-dist/./tex/latex/mathtools/empheq.sty
Package: empheq 2014/07/16 v2.14 Emphasizing equations

(/var/mobile/Containers/Data/Application/2DF453A6-3066-47E0-ADB9-191A2CD2D043/L
ibrary/Caches/texmf-dist/./tex/latex/mathtools/mhsetup.sty
Package: mhsetup 2010/01/21 v1.2a programming setup (MH)
)
(/var/mobile/Containers/Data/Application/2DF453A6-3066-47E0-ADB9-191A2CD2D043/L
ibrary/Caches/texmf-dist/./tex/latex/mathtools/mathtools.sty
Package: mathtools 2015/11/12 v1.18 mathematical typesetting tools
LaTeX Info: Thecontrolsequence`\('isalreadyrobust on input line 129.
LaTeX Info: Thecontrolsequence`\)'isalreadyrobust on input line 129.
LaTeX Info: Thecontrolsequence`\['isalreadyrobust on input line 129.
LaTeX Info: Thecontrolsequence`\]'isalreadyrobust on input line 129.
\g_MT_multlinerow_int=\count125
\l_MT_multwidth_dim=\dimen138
\origjot=\skip61
\l_MT_shortvdotswithinadjustabove_dim=\dimen139
\l_MT_shortvdotswithinadjustbelow_dim=\dimen140
\l_MT_above_intertext_sep=\dimen141
\l_MT_below_intertext_sep=\dimen142
\l_MT_above_shortintertext_sep=\dimen143
\l_MT_below_shortintertext_sep=\dimen144
)
\l_EQ_equationtype_int=\count126
\l_EQ_alignmentmode_int=\count127
\l_EQ_totalwidth_dim=\dimen145
\l_EQ_displaywidth_dim=\dimen146
\l_EQ_temp_linewidth_dim=\dimen147
\EmphEqdelimitershortfall=\dimen148
\EmphEqdelimiterfactor=\count128
\g_EQ_toptag_height_dim=\dimen149
\g_EQ_bottomtag_depth_dim=\dimen150
\g_EQ_toprow_height_dim=\dimen151
\g_EQ_bottomrow_depth_dim=\dimen152
\g_EQ_widesttag_dim=\dimen153
\EQ_mathdisplay_box=\box58
\EQ_tag_box=\box59
\g_EQ_temprow_int=\count129
)
(/var/mobile/Containers/Data/Application/2DF453A6-3066-47E0-ADB9-191A2CD2D043/L
ibrary/Caches/texmf-dist/./tex/latex/tcolorbox/tcolorbox.sty
Package: tcolorbox 2016/04/27 version 3.91 text color boxes

(/var/mobile/Containers/Data/Application/2DF453A6-3066-47E0-ADB9-191A2CD2D043/L
ibrary/Caches/texmf-dist/./tex/latex/pgf/basiclayer/pgf.sty
(/var/mobile/Containers/Data/Application/2DF453A6-3066-47E0-ADB9-191A2CD2D043/L
ibrary/Caches/texmf-dist/./tex/latex/pgf/utilities/pgfrcs.sty
(/var/mobile/Containers/Data/Application/2DF453A6-3066-47E0-ADB9-191A2CD2D043/L
ibrary/Caches/texmf-dist/./tex/generic/pgf/utilities/pgfutil-common.tex
\pgfutil@everybye=\toks24
\pgfutil@tempdima=\dimen154
\pgfutil@tempdimb=\dimen155

(/var/mobile/Containers/Data/Application/2DF453A6-3066-47E0-ADB9-191A2CD2D043/L
ibrary/Caches/texmf-dist/./tex/generic/pgf/utilities/pgfutil-common-lists.tex))

(/var/mobile/Containers/Data/Application/2DF453A6-3066-47E0-ADB9-191A2CD2D043/L
ibrary/Caches/texmf-dist/./tex/generic/pgf/utilities/pgfutil-latex.def
\pgfutil@abb=\box60

(/var/mobile/Containers/Data/Application/2DF453A6-3066-47E0-ADB9-191A2CD2D043/L
ibrary/Caches/texmf-dist/./tex/latex/ms/everyshi.sty
Package: everyshi 2001/05/15 v3.00 EveryShipout Package (MS)
))
(/var/mobile/Containers/Data/Application/2DF453A6-3066-47E0-ADB9-191A2CD2D043/L
ibrary/Caches/texmf-dist/./tex/generic/pgf/utilities/pgfrcs.code.tex
Package: pgfrcs 2015/08/07 v3.0.1a (rcs-revision 1.31)
))
Package: pgf 2015/08/07 v3.0.1a (rcs-revision 1.15)

(/var/mobile/Containers/Data/Application/2DF453A6-3066-47E0-ADB9-191A2CD2D043/L
ibrary/Caches/texmf-dist/./tex/latex/pgf/basiclayer/pgfcore.sty
(/var/mobile/Containers/Data/Application/2DF453A6-3066-47E0-ADB9-191A2CD2D043/L
ibrary/Caches/texmf-dist/./tex/latex/pgf/systemlayer/pgfsys.sty
(/var/mobile/Containers/Data/Application/2DF453A6-3066-47E0-ADB9-191A2CD2D043/L
ibrary/Caches/texmf-dist/./tex/generic/pgf/systemlayer/pgfsys.code.tex
Package: pgfsys 2014/07/09 v3.0.1a (rcs-revision 1.48)

(/var/mobile/Containers/Data/Application/2DF453A6-3066-47E0-ADB9-191A2CD2D043/L
ibrary/Caches/texmf-dist/./tex/generic/pgf/utilities/pgfkeys.code.tex
\pgfkeys@pathtoks=\toks25
\pgfkeys@temptoks=\toks26

(/var/mobile/Containers/Data/Application/2DF453A6-3066-47E0-ADB9-191A2CD2D043/L
ibrary/Caches/texmf-dist/./tex/generic/pgf/utilities/pgfkeysfiltered.code.tex
\pgfkeys@tmptoks=\toks27
))
\pgf@x=\dimen156
\pgf@y=\dimen157
\pgf@xa=\dimen158
\pgf@ya=\dimen159
\pgf@xb=\dimen160
\pgf@yb=\dimen161
\pgf@xc=\dimen162
\pgf@yc=\dimen163
\w@pgf@writea=\write3
\r@pgf@reada=\read1
\c@pgf@counta=\count130
\c@pgf@countb=\count131
\c@pgf@countc=\count132
\c@pgf@countd=\count133
\t@pgf@toka=\toks28
\t@pgf@tokb=\toks29
\t@pgf@tokc=\toks30

(/var/mobile/Containers/Data/Application/2DF453A6-3066-47E0-ADB9-191A2CD2D043/L
ibrary/Caches/texmf-dist/./tex/generic/pgf/systemlayer/pgf.cfg
File: pgf.cfg 2008/05/14  (rcs-revision 1.7)
)
Driver file for pgf: pgfsys-pdftex.def

(/var/mobile/Containers/Data/Application/2DF453A6-3066-47E0-ADB9-191A2CD2D043/L
ibrary/Caches/texmf-dist/./tex/generic/pgf/systemlayer/pgfsys-pdftex.def
File: pgfsys-pdftex.def 2014/10/11  (rcs-revision 1.35)

(/var/mobile/Containers/Data/Application/2DF453A6-3066-47E0-ADB9-191A2CD2D043/L
ibrary/Caches/texmf-dist/./tex/generic/pgf/systemlayer/pgfsys-common-pdf.def
File: pgfsys-common-pdf.def 2013/10/10  (rcs-revision 1.13)
)))
(/var/mobile/Containers/Data/Application/2DF453A6-3066-47E0-ADB9-191A2CD2D043/L
ibrary/Caches/texmf-dist/./tex/generic/pgf/systemlayer/pgfsyssoftpath.code.tex
File: pgfsyssoftpath.code.tex 2013/09/09  (rcs-revision 1.9)
\pgfsyssoftpath@smallbuffer@items=\count134
\pgfsyssoftpath@bigbuffer@items=\count135
)
(/var/mobile/Containers/Data/Application/2DF453A6-3066-47E0-ADB9-191A2CD2D043/L
ibrary/Caches/texmf-dist/./tex/generic/pgf/systemlayer/pgfsysprotocol.code.tex
File: pgfsysprotocol.code.tex 2006/10/16  (rcs-revision 1.4)
))
(/var/mobile/Containers/Data/Application/2DF453A6-3066-47E0-ADB9-191A2CD2D043/L
ibrary/Caches/texmf-dist/./tex/generic/pgf/basiclayer/pgfcore.code.tex
Package: pgfcore 2010/04/11 v3.0.1a (rcs-revision 1.7)

(/var/mobile/Containers/Data/Application/2DF453A6-3066-47E0-ADB9-191A2CD2D043/L
ibrary/Caches/texmf-dist/./tex/generic/pgf/math/pgfmath.code.tex
(/var/mobile/Containers/Data/Application/2DF453A6-3066-47E0-ADB9-191A2CD2D043/L
ibrary/Caches/texmf-dist/./tex/generic/pgf/math/pgfmathcalc.code.tex
(/var/mobile/Containers/Data/Application/2DF453A6-3066-47E0-ADB9-191A2CD2D043/L
ibrary/Caches/texmf-dist/./tex/generic/pgf/math/pgfmathutil.code.tex)
(/var/mobile/Containers/Data/Application/2DF453A6-3066-47E0-ADB9-191A2CD2D043/L
ibrary/Caches/texmf-dist/./tex/generic/pgf/math/pgfmathparser.code.tex
\pgfmath@dimen=\dimen164
\pgfmath@count=\count136
\pgfmath@box=\box61
\pgfmath@toks=\toks31
\pgfmath@stack@operand=\toks32
\pgfmath@stack@operation=\toks33
)
(/var/mobile/Containers/Data/Application/2DF453A6-3066-47E0-ADB9-191A2CD2D043/L
ibrary/Caches/texmf-dist/./tex/generic/pgf/math/pgfmathfunctions.code.tex
(/var/mobile/Containers/Data/Application/2DF453A6-3066-47E0-ADB9-191A2CD2D043/L
ibrary/Caches/texmf-dist/./tex/generic/pgf/math/pgfmathfunctions.basic.code.tex
)
(/var/mobile/Containers/Data/Application/2DF453A6-3066-47E0-ADB9-191A2CD2D043/L
ibrary/Caches/texmf-dist/./tex/generic/pgf/math/pgfmathfunctions.trigonometric.
code.tex)
(/var/mobile/Containers/Data/Application/2DF453A6-3066-47E0-ADB9-191A2CD2D043/L
ibrary/Caches/texmf-dist/./tex/generic/pgf/math/pgfmathfunctions.random.code.te
x)
(/var/mobile/Containers/Data/Application/2DF453A6-3066-47E0-ADB9-191A2CD2D043/L
ibrary/Caches/texmf-dist/./tex/generic/pgf/math/pgfmathfunctions.comparison.cod
e.tex)
(/var/mobile/Containers/Data/Application/2DF453A6-3066-47E0-ADB9-191A2CD2D043/L
ibrary/Caches/texmf-dist/./tex/generic/pgf/math/pgfmathfunctions.base.code.tex)

(/var/mobile/Containers/Data/Application/2DF453A6-3066-47E0-ADB9-191A2CD2D043/L
ibrary/Caches/texmf-dist/./tex/generic/pgf/math/pgfmathfunctions.round.code.tex
)
(/var/mobile/Containers/Data/Application/2DF453A6-3066-47E0-ADB9-191A2CD2D043/L
ibrary/Caches/texmf-dist/./tex/generic/pgf/math/pgfmathfunctions.misc.code.tex)

(/var/mobile/Containers/Data/Application/2DF453A6-3066-47E0-ADB9-191A2CD2D043/L
ibrary/Caches/texmf-dist/./tex/generic/pgf/math/pgfmathfunctions.integerarithme
tics.code.tex)))
(/var/mobile/Containers/Data/Application/2DF453A6-3066-47E0-ADB9-191A2CD2D043/L
ibrary/Caches/texmf-dist/./tex/generic/pgf/math/pgfmathfloat.code.tex
\c@pgfmathroundto@lastzeros=\count137
))
(/var/mobile/Containers/Data/Application/2DF453A6-3066-47E0-ADB9-191A2CD2D043/L
ibrary/Caches/texmf-dist/./tex/generic/pgf/basiclayer/pgfcorepoints.code.tex
File: pgfcorepoints.code.tex 2013/10/07  (rcs-revision 1.27)
\pgf@picminx=\dimen165
\pgf@picmaxx=\dimen166
\pgf@picminy=\dimen167
\pgf@picmaxy=\dimen168
\pgf@pathminx=\dimen169
\pgf@pathmaxx=\dimen170
\pgf@pathminy=\dimen171
\pgf@pathmaxy=\dimen172
\pgf@xx=\dimen173
\pgf@xy=\dimen174
\pgf@yx=\dimen175
\pgf@yy=\dimen176
\pgf@zx=\dimen177
\pgf@zy=\dimen178
)
(/var/mobile/Containers/Data/Application/2DF453A6-3066-47E0-ADB9-191A2CD2D043/L
ibrary/Caches/texmf-dist/./tex/generic/pgf/basiclayer/pgfcorepathconstruct.code
.tex
File: pgfcorepathconstruct.code.tex 2013/10/07  (rcs-revision 1.29)
\pgf@path@lastx=\dimen179
\pgf@path@lasty=\dimen180
)
(/var/mobile/Containers/Data/Application/2DF453A6-3066-47E0-ADB9-191A2CD2D043/L
ibrary/Caches/texmf-dist/./tex/generic/pgf/basiclayer/pgfcorepathusage.code.tex
File: pgfcorepathusage.code.tex 2014/11/02  (rcs-revision 1.24)
\pgf@shorten@end@additional=\dimen181
\pgf@shorten@start@additional=\dimen182
)
(/var/mobile/Containers/Data/Application/2DF453A6-3066-47E0-ADB9-191A2CD2D043/L
ibrary/Caches/texmf-dist/./tex/generic/pgf/basiclayer/pgfcorescopes.code.tex
File: pgfcorescopes.code.tex 2015/05/08  (rcs-revision 1.46)
\pgfpic=\box62
\pgf@hbox=\box63
\pgf@layerbox@main=\box64
\pgf@picture@serial@count=\count138
)
(/var/mobile/Containers/Data/Application/2DF453A6-3066-47E0-ADB9-191A2CD2D043/L
ibrary/Caches/texmf-dist/./tex/generic/pgf/basiclayer/pgfcoregraphicstate.code.
tex
File: pgfcoregraphicstate.code.tex 2014/11/02  (rcs-revision 1.12)
\pgflinewidth=\dimen183
)
(/var/mobile/Containers/Data/Application/2DF453A6-3066-47E0-ADB9-191A2CD2D043/L
ibrary/Caches/texmf-dist/./tex/generic/pgf/basiclayer/pgfcoretransformations.co
de.tex
File: pgfcoretransformations.code.tex 2015/08/07  (rcs-revision 1.20)
\pgf@pt@x=\dimen184
\pgf@pt@y=\dimen185
\pgf@pt@temp=\dimen186
)
(/var/mobile/Containers/Data/Application/2DF453A6-3066-47E0-ADB9-191A2CD2D043/L
ibrary/Caches/texmf-dist/./tex/generic/pgf/basiclayer/pgfcorequick.code.tex
File: pgfcorequick.code.tex 2008/10/09  (rcs-revision 1.3)
)
(/var/mobile/Containers/Data/Application/2DF453A6-3066-47E0-ADB9-191A2CD2D043/L
ibrary/Caches/texmf-dist/./tex/generic/pgf/basiclayer/pgfcoreobjects.code.tex
File: pgfcoreobjects.code.tex 2006/10/11  (rcs-revision 1.2)
)
(/var/mobile/Containers/Data/Application/2DF453A6-3066-47E0-ADB9-191A2CD2D043/L
ibrary/Caches/texmf-dist/./tex/generic/pgf/basiclayer/pgfcorepathprocessing.cod
e.tex
File: pgfcorepathprocessing.code.tex 2013/09/09  (rcs-revision 1.9)
)
(/var/mobile/Containers/Data/Application/2DF453A6-3066-47E0-ADB9-191A2CD2D043/L
ibrary/Caches/texmf-dist/./tex/generic/pgf/basiclayer/pgfcorearrows.code.tex
File: pgfcorearrows.code.tex 2015/05/14  (rcs-revision 1.43)
\pgfarrowsep=\dimen187
)
(/var/mobile/Containers/Data/Application/2DF453A6-3066-47E0-ADB9-191A2CD2D043/L
ibrary/Caches/texmf-dist/./tex/generic/pgf/basiclayer/pgfcoreshade.code.tex
File: pgfcoreshade.code.tex 2013/07/15  (rcs-revision 1.15)
\pgf@max=\dimen188
\pgf@sys@shading@range@num=\count139
)
(/var/mobile/Containers/Data/Application/2DF453A6-3066-47E0-ADB9-191A2CD2D043/L
ibrary/Caches/texmf-dist/./tex/generic/pgf/basiclayer/pgfcoreimage.code.tex
File: pgfcoreimage.code.tex 2013/07/15  (rcs-revision 1.18)

(/var/mobile/Containers/Data/Application/2DF453A6-3066-47E0-ADB9-191A2CD2D043/L
ibrary/Caches/texmf-dist/./tex/generic/pgf/basiclayer/pgfcoreexternal.code.tex
File: pgfcoreexternal.code.tex 2014/07/09  (rcs-revision 1.21)
\pgfexternal@startupbox=\box65
))
(/var/mobile/Containers/Data/Application/2DF453A6-3066-47E0-ADB9-191A2CD2D043/L
ibrary/Caches/texmf-dist/./tex/generic/pgf/basiclayer/pgfcorelayers.code.tex
File: pgfcorelayers.code.tex 2013/07/18  (rcs-revision 1.7)
)
(/var/mobile/Containers/Data/Application/2DF453A6-3066-47E0-ADB9-191A2CD2D043/L
ibrary/Caches/texmf-dist/./tex/generic/pgf/basiclayer/pgfcoretransparency.code.
tex
File: pgfcoretransparency.code.tex 2013/09/30  (rcs-revision 1.5)
)
(/var/mobile/Containers/Data/Application/2DF453A6-3066-47E0-ADB9-191A2CD2D043/L
ibrary/Caches/texmf-dist/./tex/generic/pgf/basiclayer/pgfcorepatterns.code.tex
File: pgfcorepatterns.code.tex 2013/11/07  (rcs-revision 1.5)
)))
(/var/mobile/Containers/Data/Application/2DF453A6-3066-47E0-ADB9-191A2CD2D043/L
ibrary/Caches/texmf-dist/./tex/generic/pgf/modules/pgfmoduleshapes.code.tex
File: pgfmoduleshapes.code.tex 2014/03/21  (rcs-revision 1.35)
\pgfnodeparttextbox=\box66
)
(/var/mobile/Containers/Data/Application/2DF453A6-3066-47E0-ADB9-191A2CD2D043/L
ibrary/Caches/texmf-dist/./tex/generic/pgf/modules/pgfmoduleplot.code.tex
File: pgfmoduleplot.code.tex 2015/08/03  (rcs-revision 1.13)
)
(/var/mobile/Containers/Data/Application/2DF453A6-3066-47E0-ADB9-191A2CD2D043/L
ibrary/Caches/texmf-dist/./tex/latex/pgf/compatibility/pgfcomp-version-0-65.sty
Package: pgfcomp-version-0-65 2007/07/03 v3.0.1a (rcs-revision 1.7)
\pgf@nodesepstart=\dimen189
\pgf@nodesepend=\dimen190
)
(/var/mobile/Containers/Data/Application/2DF453A6-3066-47E0-ADB9-191A2CD2D043/L
ibrary/Caches/texmf-dist/./tex/latex/pgf/compatibility/pgfcomp-version-1-18.sty
Package: pgfcomp-version-1-18 2007/07/23 v3.0.1a (rcs-revision 1.1)
))
(/var/mobile/Containers/Data/Application/2DF453A6-3066-47E0-ADB9-191A2CD2D043/L
ibrary/Caches/texmf-dist/./tex/latex/tools/verbatim.sty
Package: verbatim 2014/10/28 v1.5q LaTeX2e package for verbatim enhancements
\every@verbatim=\toks34
\verbatim@line=\toks35
\verbatim@in@stream=\read2
)
(/var/mobile/Containers/Data/Application/2DF453A6-3066-47E0-ADB9-191A2CD2D043/L
ibrary/Caches/texmf-dist/./tex/latex/environ/environ.sty
Package: environ 2014/05/04 v0.3 A new way to define environments

(/var/mobile/Containers/Data/Application/2DF453A6-3066-47E0-ADB9-191A2CD2D043/L
ibrary/Caches/texmf-dist/./tex/latex/trimspaces/trimspaces.sty
Package: trimspaces 2009/09/17 v1.1 Trim spaces around a token list
))
(/var/mobile/Containers/Data/Application/2DF453A6-3066-47E0-ADB9-191A2CD2D043/L
ibrary/Caches/texmf-dist/./tex/latex/etoolbox/etoolbox.sty
Package: etoolbox 2015/08/02 v2.2a e-TeX tools for LaTeX (JAW)
\etb@tempcnta=\count140
)
\tcb@titlebox=\box67
\tcb@upperbox=\box68
\tcb@lowerbox=\box69
\tcb@phantombox=\box70
\c@tcbbreakpart=\count141
\c@tcblayer=\count142
\tcolorbox@number=\count143
\tcb@temp=\box71
\tcb@temp=\box72
\tcb@temp=\box73
\tcb@temp=\box74
\tcb@out=\write4
\tcb@record@out=\write5

(/var/mobile/Containers/Data/Application/2DF453A6-3066-47E0-ADB9-191A2CD2D043/L
ibrary/Caches/texmf-dist/./tex/latex/tcolorbox/tcbraster.code.tex
Library (tcolorbox): 'tcbraster.code.tex' version '3.91'
\c@tcbrastercolumn=\count144
\c@tcbrasterrow=\count145
\c@tcbraster=\count146
)
(/var/mobile/Containers/Data/Application/2DF453A6-3066-47E0-ADB9-191A2CD2D043/L
ibrary/Caches/texmf-dist/./tex/latex/tcolorbox/tcbskins.code.tex
Library (tcolorbox): 'tcbskins.code.tex' version '3.91'

(/var/mobile/Containers/Data/Application/2DF453A6-3066-47E0-ADB9-191A2CD2D043/L
ibrary/Caches/texmf-dist/./tex/latex/pgf/frontendlayer/tikz.sty
(/var/mobile/Containers/Data/Application/2DF453A6-3066-47E0-ADB9-191A2CD2D043/L
ibrary/Caches/texmf-dist/./tex/latex/pgf/utilities/pgffor.sty
(/var/mobile/Containers/Data/Application/2DF453A6-3066-47E0-ADB9-191A2CD2D043/L
ibrary/Caches/texmf-dist/./tex/latex/pgf/utilities/pgfkeys.sty
(/var/mobile/Containers/Data/Application/2DF453A6-3066-47E0-ADB9-191A2CD2D043/L
ibrary/Caches/texmf-dist/./tex/generic/pgf/utilities/pgfkeys.code.tex))
(/var/mobile/Containers/Data/Application/2DF453A6-3066-47E0-ADB9-191A2CD2D043/L
ibrary/Caches/texmf-dist/./tex/latex/pgf/math/pgfmath.sty
(/var/mobile/Containers/Data/Application/2DF453A6-3066-47E0-ADB9-191A2CD2D043/L
ibrary/Caches/texmf-dist/./tex/generic/pgf/math/pgfmath.code.tex))
(/var/mobile/Containers/Data/Application/2DF453A6-3066-47E0-ADB9-191A2CD2D043/L
ibrary/Caches/texmf-dist/./tex/generic/pgf/utilities/pgffor.code.tex
Package: pgffor 2013/12/13 v3.0.1a (rcs-revision 1.25)

(/var/mobile/Containers/Data/Application/2DF453A6-3066-47E0-ADB9-191A2CD2D043/L
ibrary/Caches/texmf-dist/./tex/generic/pgf/math/pgfmath.code.tex)
\pgffor@iter=\dimen191
\pgffor@skip=\dimen192
\pgffor@stack=\toks36
\pgffor@toks=\toks37
))
(/var/mobile/Containers/Data/Application/2DF453A6-3066-47E0-ADB9-191A2CD2D043/L
ibrary/Caches/texmf-dist/./tex/generic/pgf/frontendlayer/tikz/tikz.code.tex
Package: tikz 2015/08/07 v3.0.1a (rcs-revision 1.151)

(/var/mobile/Containers/Data/Application/2DF453A6-3066-47E0-ADB9-191A2CD2D043/L
ibrary/Caches/texmf-dist/./tex/generic/pgf/libraries/pgflibraryplothandlers.cod
e.tex
File: pgflibraryplothandlers.code.tex 2013/08/31 v3.0.1a (rcs-revision 1.20)
\pgf@plot@mark@count=\count147
\pgfplotmarksize=\dimen193
)
\tikz@lastx=\dimen194
\tikz@lasty=\dimen195
\tikz@lastxsaved=\dimen196
\tikz@lastysaved=\dimen197
\tikzleveldistance=\dimen198
\tikzsiblingdistance=\dimen199
\tikz@figbox=\box75
\tikz@figbox@bg=\box76
\tikz@tempbox=\box77
\tikz@tempbox@bg=\box78
\tikztreelevel=\count148
\tikznumberofchildren=\count149
\tikznumberofcurrentchild=\count150
\tikz@fig@count=\count151

(/var/mobile/Containers/Data/Application/2DF453A6-3066-47E0-ADB9-191A2CD2D043/L
ibrary/Caches/texmf-dist/./tex/generic/pgf/modules/pgfmodulematrix.code.tex
File: pgfmodulematrix.code.tex 2013/09/17  (rcs-revision 1.8)
\pgfmatrixcurrentrow=\count152
\pgfmatrixcurrentcolumn=\count153
\pgf@matrix@numberofcolumns=\count154
)
\tikz@expandcount=\count155

(/var/mobile/Containers/Data/Application/2DF453A6-3066-47E0-ADB9-191A2CD2D043/L
ibrary/Caches/texmf-dist/./tex/generic/pgf/frontendlayer/tikz/libraries/tikzlib
rarytopaths.code.tex
File: tikzlibrarytopaths.code.tex 2008/06/17 v3.0.1a (rcs-revision 1.2)
)))
\tcb@waterbox=\box79

(/var/mobile/Containers/Data/Application/2DF453A6-3066-47E0-ADB9-191A2CD2D043/L
ibrary/Caches/texmf-dist/./tex/latex/tcolorbox/tcbskinsjigsaw.code.tex
Library (tcolorbox): 'tcbskinsjigsaw.code.tex' version '3.91'
))
(/var/mobile/Containers/Data/Application/2DF453A6-3066-47E0-ADB9-191A2CD2D043/L
ibrary/Caches/texmf-dist/./tex/latex/tcolorbox/tcbbreakable.code.tex
Library (tcolorbox): 'tcbbreakable.code.tex' version '3.91'
\tcb@testbox=\box80
\tcb@totalupperbox=\box81
\tcb@totallowerbox=\box82
)
(/var/mobile/Containers/Data/Application/2DF453A6-3066-47E0-ADB9-191A2CD2D043/L
ibrary/Caches/texmf-dist/./tex/latex/tcolorbox/tcbhooks.code.tex
Library (tcolorbox): 'tcbhooks.code.tex' version '3.91'
)
(/var/mobile/Containers/Data/Application/2DF453A6-3066-47E0-ADB9-191A2CD2D043/L
ibrary/Caches/texmf-dist/./tex/latex/tcolorbox/tcbtheorems.code.tex
Library (tcolorbox): 'tcbtheorems.code.tex' version '3.91'
)
(/var/mobile/Containers/Data/Application/2DF453A6-3066-47E0-ADB9-191A2CD2D043/L
ibrary/Caches/texmf-dist/./tex/latex/tcolorbox/tcbfitting.code.tex
Library (tcolorbox): 'tcbfitting.code.tex' version '3.91'
\tcbfitdim=\dimen256
\tcb@lowerfitdim=\dimen257
\tcb@upperfitdim=\dimen258
\tcb@cur@hbadness=\count156
)
(/var/mobile/Containers/Data/Application/2DF453A6-3066-47E0-ADB9-191A2CD2D043/L
ibrary/Caches/texmf-dist/./tex/latex/tcolorbox/tcbxparse.code.tex
Library (tcolorbox): 'tcbxparse.code.tex' version '3.91'

(/var/mobile/Containers/Data/Application/2DF453A6-3066-47E0-ADB9-191A2CD2D043/L
ibrary/Caches/texmf-dist/./tex/latex/l3packages/xparse/xparse.sty
(/var/mobile/Containers/Data/Application/2DF453A6-3066-47E0-ADB9-191A2CD2D043/L
ibrary/Caches/texmf-dist/./tex/latex/l3kernel/expl3.sty
Package: expl3 2016/05/18 v6512 L3 programming layer (loader) 

(/var/mobile/Containers/Data/Application/2DF453A6-3066-47E0-ADB9-191A2CD2D043/L
ibrary/Caches/texmf-dist/./tex/latex/l3kernel/expl3-code.tex
Package: expl3 2016/05/18 v6512 L3 programming layer (code)
L3 Module: l3bootstrap 2016/02/12 v6412 L3 Bootstrap code
L3 Module: l3names 2016/03/11 v6433 L3 Namespace for primitives
L3 Module: l3basics 2015/11/22 v6315 L3 Basic definitions
L3 Module: l3expan 2015/09/10 v5983 L3 Argument expansion
L3 Module: l3tl 2016/03/26 v6465 L3 Token lists
L3 Module: l3str 2016/03/24 v6441 L3 Strings
L3 Module: l3seq 2015/08/05 v5777 L3 Sequences and stacks
L3 Module: l3int 2016/03/24 v6441 L3 Integers
\c_max_int=\count157
\l_tmpa_int=\count158
\l_tmpb_int=\count159
\g_tmpa_int=\count160
\g_tmpb_int=\count161
L3 Module: l3quark 2015/08/17 v5855 L3 Quarks
L3 Module: l3prg 2015/11/01 v6216 L3 Control structures
\g__prg_map_int=\count162
L3 Module: l3clist 2015/09/02 v5901 L3 Comma separated lists
L3 Module: l3token 2016/04/03 v6470 L3 Experimental token manipulation
L3 Module: l3prop 2016/01/05 v6366 L3 Property lists
L3 Module: l3msg 2016/03/26 v6464 L3 Messages
L3 Module: l3file 2016/03/25 v6458 L3 File and I/O operations
\l_iow_line_count_int=\count163
\l__iow_target_count_int=\count164
\l__iow_current_line_int=\count165
\l__iow_current_word_int=\count166
\l__iow_current_indentation_int=\count167
L3 Module: l3skip 2016/01/05 v6366 L3 Dimensions and skips
\c_zero_dim=\dimen259
\c_max_dim=\dimen260
\l_tmpa_dim=\dimen261
\l_tmpb_dim=\dimen262
\g_tmpa_dim=\dimen263
\g_tmpb_dim=\dimen264
\c_zero_skip=\skip62
\c_max_skip=\skip63
\l_tmpa_skip=\skip64
\l_tmpb_skip=\skip65
\g_tmpa_skip=\skip66
\g_tmpb_skip=\skip67
\c_zero_muskip=\muskip12
\c_max_muskip=\muskip13
\l_tmpa_muskip=\muskip14
\l_tmpb_muskip=\muskip15
\g_tmpa_muskip=\muskip16
\g_tmpb_muskip=\muskip17
L3 Module: l3keys 2015/11/17 v6284 L3 Key-value interfaces
\g__keyval_level_int=\count168
\l_keys_choice_int=\count169
L3 Module: l3fp 2016/03/26 v6465 L3 Floating points
\c__fp_leading_shift_int=\count170
\c__fp_middle_shift_int=\count171
\c__fp_trailing_shift_int=\count172
\c__fp_big_leading_shift_int=\count173
\c__fp_big_middle_shift_int=\count174
\c__fp_big_trailing_shift_int=\count175
\c__fp_Bigg_leading_shift_int=\count176
\c__fp_Bigg_middle_shift_int=\count177
\c__fp_Bigg_trailing_shift_int=\count178
L3 Module: l3box 2015/08/09 v5822 L3 Experimental boxes
\c_empty_box=\box83
\l_tmpa_box=\box84
\l_tmpb_box=\box85
\g_tmpa_box=\box86
\g_tmpb_box=\box87
L3 Module: l3coffins 2016/05/17 v6508 L3 Coffin code layer
\l__coffin_internal_box=\box88
\l__coffin_internal_dim=\dimen265
\l__coffin_offset_x_dim=\dimen266
\l__coffin_offset_y_dim=\dimen267
\l__coffin_x_dim=\dimen268
\l__coffin_y_dim=\dimen269
\l__coffin_x_prime_dim=\dimen270
\l__coffin_y_prime_dim=\dimen271
\c_empty_coffin=\box89
\l__coffin_aligned_coffin=\box90
\l__coffin_aligned_internal_coffin=\box91
\l_tmpa_coffin=\box92
\l_tmpb_coffin=\box93
\l__coffin_display_coffin=\box94
\l__coffin_display_coord_coffin=\box95
\l__coffin_display_pole_coffin=\box96
\l__coffin_display_offset_dim=\dimen272
\l__coffin_display_x_dim=\dimen273
\l__coffin_display_y_dim=\dimen274
L3 Module: l3color 2014/08/23 v5354 L3 Experimental color support
L3 Module: l3sys 2015/09/25 v6087 L3 Experimental system/runtime functions
L3 Module: l3candidates 2016/05/13 v6484 L3 Experimental additions to l3kernel
\l__box_top_dim=\dimen275
\l__box_bottom_dim=\dimen276
\l__box_left_dim=\dimen277
\l__box_right_dim=\dimen278
\l__box_top_new_dim=\dimen279
\l__box_bottom_new_dim=\dimen280
\l__box_left_new_dim=\dimen281
\l__box_right_new_dim=\dimen282
\l__box_internal_box=\box97
\l__coffin_bounding_shift_dim=\dimen283
\l__coffin_left_corner_dim=\dimen284
\l__coffin_right_corner_dim=\dimen285
\l__coffin_bottom_corner_dim=\dimen286
\l__coffin_top_corner_dim=\dimen287
\l__coffin_scaled_total_height_dim=\dimen288
\l__coffin_scaled_width_dim=\dimen289
L3 Module: l3luatex 2016/03/26 v6465 L3 Experimental LuaTeX-specific functions
)
(/var/mobile/Containers/Data/Application/2DF453A6-3066-47E0-ADB9-191A2CD2D043/L
ibrary/Caches/texmf-dist/./tex/latex/l3kernel/l3pdfmode.def
File: l3pdfmode.def 2016/03/26 v6465 L3 Experimental driver: PDF mode
\l__driver_color_stack_int=\count179
\l__driver_tmp_box=\box98
))
Package: xparse 2016/05/18 v6512 L3 Experimental document command parser
\l__xparse_current_arg_int=\count180
\l__xparse_m_args_int=\count181
\l__xparse_mandatory_args_int=\count182
\l__xparse_processor_int=\count183
\l__xparse_v_nesting_int=\count184
)
.................................................
. LaTeX info: "xparse/define-command"
. 
. Defining command \tcboxverb with sig. ' O{} v ' on line 128.
.................................................
.................................................
. LaTeX info: "xparse/define-command"
. 
. Defining command \tcbsidebyside with sig. ' +O{} +m +m ' on line 280.
.................................................
)
(/var/mobile/Containers/Data/Application/2DF453A6-3066-47E0-ADB9-191A2CD2D043/L
ibrary/Caches/texmf-dist/./tex/latex/tcolorbox/tcblistingsutf8.code.tex
Library (tcolorbox): 'tcblistingsutf8.code.tex' version '3.91'

(/var/mobile/Containers/Data/Application/2DF453A6-3066-47E0-ADB9-191A2CD2D043/L
ibrary/Caches/texmf-dist/./tex/latex/oberdiek/listingsutf8.sty
Package: listingsutf8 2016/05/16 v1.3 Allow UTF-8 in listings input (HO)

(/var/containers/Bundle/Application/B6811DCB-0033-43DD-9C63-F9231E15CF8C/TeX Wr
iter.app/texmf-base/./tex/latex/listings/listings.sty
\lst@mode=\count185
\lst@gtempboxa=\box99
\lst@token=\toks38
\lst@length=\count186
\lst@currlwidth=\dimen290
\lst@column=\count187
\lst@pos=\count188
\lst@lostspace=\dimen291
\lst@width=\dimen292
\lst@newlines=\count189
\lst@lineno=\count190
\lst@maxwidth=\dimen293

(/var/containers/Bundle/Application/B6811DCB-0033-43DD-9C63-F9231E15CF8C/TeX Wr
iter.app/texmf-base/./tex/latex/listings/lstmisc.sty
File: lstmisc.sty 2015/06/04 1.6 (Carsten Heinz)
\c@lstnumber=\count191
\lst@skipnumbers=\count192
\lst@framebox=\box100
)
(/var/containers/Bundle/Application/B6811DCB-0033-43DD-9C63-F9231E15CF8C/TeX Wr
iter.app/texmf-base/./tex/latex/listings/listings.cfg
File: listings.cfg 2015/06/04 1.6 listings configuration
))
Package: listings 2015/06/04 1.6 (Carsten Heinz)

(/var/mobile/Containers/Data/Application/2DF453A6-3066-47E0-ADB9-191A2CD2D043/L
ibrary/Caches/texmf-dist/./tex/generic/oberdiek/stringenc.sty
Package: stringenc 2016/05/16 v1.11 Convert strings between diff. encodings (HO
)
))
(/var/mobile/Containers/Data/Application/2DF453A6-3066-47E0-ADB9-191A2CD2D043/L
ibrary/Caches/texmf-dist/./tex/latex/tcolorbox/tcblistings.code.tex
Library (tcolorbox): 'tcblistings.code.tex' version '3.91'

(/var/mobile/Containers/Data/Application/2DF453A6-3066-47E0-ADB9-191A2CD2D043/L
ibrary/Caches/texmf-dist/./tex/latex/tcolorbox/tcblistingscore.code.tex
Library (tcolorbox): 'tcblistingscore.code.tex' version '3.91'
\c@tcblisting=\count193
)))
(/var/mobile/Containers/Data/Application/2DF453A6-3066-47E0-ADB9-191A2CD2D043/L
ibrary/Caches/texmf-dist/./tex/latex/tcolorbox/tcbexternal.code.tex
Library (tcolorbox): 'tcbexternal.code.tex' version '3.91'
)
(/var/mobile/Containers/Data/Application/2DF453A6-3066-47E0-ADB9-191A2CD2D043/L
ibrary/Caches/texmf-dist/./tex/latex/tcolorbox/tcbmagazine.code.tex
Library (tcolorbox): 'tcbmagazine.code.tex' version '3.91'
)
(/var/mobile/Containers/Data/Application/2DF453A6-3066-47E0-ADB9-191A2CD2D043/L
ibrary/Caches/texmf-dist/./tex/latex/tcolorbox/tcbvignette.code.tex
Library (tcolorbox): 'tcbvignette.code.tex' version '3.91'

(/var/mobile/Containers/Data/Application/2DF453A6-3066-47E0-ADB9-191A2CD2D043/L
ibrary/Caches/texmf-dist/./tex/generic/pgf/frontendlayer/tikz/libraries/tikzlib
raryfadings.code.tex
File: tikzlibraryfadings.code.tex 2009/11/15 v3.0.1a (rcs-revision 1.2)

(/var/mobile/Containers/Data/Application/2DF453A6-3066-47E0-ADB9-191A2CD2D043/L
ibrary/Caches/texmf-dist/./tex/generic/pgf/libraries/pgflibraryfadings.code.tex
File: pgflibraryfadings.code.tex 2008/02/07 v3.0.1a (rcs-revision 1.3)
))))
(/var/mobile/Containers/Data/Application/2DF453A6-3066-47E0-ADB9-191A2CD2D043/L
ibrary/Caches/texmf-dist/./tex/latex/sttools/cuted.sty
Package: cuted 2012/10/04 v1.5 Mixing onecolumn and twocolumn modes
\At@ViperColsBreak=\toks39
\v@aaa=\box101
\v@ccc=\box102
\lastskip@a=\skip68
\lastskip@b=\skip69
\lastskip@d=\skip70
\lastbox@a=\box103
\stripsep=\skip71
\@viper=\box104
\viper@penalty=\count194
\hold@viper=\box105
\ht@viper=\dimen294
) (Main.aux)
\openout1 = `Main.aux'.

LaTeX Font Info:    Checking defaults for OML/cmm/m/it on input line 65.
LaTeX Font Info:    ... okay on input line 65.
LaTeX Font Info:    Checking defaults for T1/cmr/m/n on input line 65.
LaTeX Font Info:    ... okay on input line 65.
LaTeX Font Info:    Checking defaults for OT1/cmr/m/n on input line 65.
LaTeX Font Info:    ... okay on input line 65.
LaTeX Font Info:    Checking defaults for OMS/cmsy/m/n on input line 65.
LaTeX Font Info:    ... okay on input line 65.
LaTeX Font Info:    Checking defaults for OMX/cmex/m/n on input line 65.
LaTeX Font Info:    ... okay on input line 65.
LaTeX Font Info:    Checking defaults for U/cmr/m/n on input line 65.
LaTeX Font Info:    ... okay on input line 65.
LaTeX Font Info:    Checking defaults for PD1/pdf/m/n on input line 65.
LaTeX Font Info:    ... okay on input line 65.
Package caption Info: Begin \AtBeginDocument code.
Package caption Info: float package is loaded.
Package caption Info: hyperref package is loaded.
Package caption Info: listings package is loaded.
Package caption Info: End \AtBeginDocument code.
\AtBeginShipoutBox=\box106

(/var/mobile/Containers/Data/Application/2DF453A6-3066-47E0-ADB9-191A2CD2D043/L
ibrary/Caches/texmf-dist/./tex/latex/oberdiek/pdflscape.sty
Package: pdflscape 2016/05/14 v0.11 Display of landscape pages in PDF (HO)

(/var/containers/Bundle/Application/B6811DCB-0033-43DD-9C63-F9231E15CF8C/TeX Wr
iter.app/texmf-base/./tex/latex/graphics/lscape.sty
Package: lscape 2000/10/22 v3.01 Landscape Pages (DPC)
)
Package pdflscape Info: Auto-detected driver: pdftex on input line 81.
)
LaTeX Info: Redefining \celsius on input line 65.
Package gensymb Info: Faking symbols for \degree and \celsius on input line 65.



Package gensymb Warning: Not defining \perthousand.

LaTeX Info: Redefining \ohm on input line 65.
Package gensymb Info: Using \Omega for \ohm on input line 65.

Package gensymb Warning: Not defining \micro.

Package hyperref Info: Link coloring ON on input line 65.

(/var/containers/Bundle/Application/B6811DCB-0033-43DD-9C63-F9231E15CF8C/TeX Wr
iter.app/texmf-base/./tex/latex/hyperref/nameref.sty
Package: nameref 2012/10/27 v2.43 Cross-referencing by name of section

(/var/mobile/Containers/Data/Application/2DF453A6-3066-47E0-ADB9-191A2CD2D043/L
ibrary/Caches/texmf-dist/./tex/generic/oberdiek/gettitlestring.sty
Package: gettitlestring 2016/05/16 v1.5 Cleanup title references (HO)
)
\c@section@level=\count195
)
LaTeX Info: Redefining \ref on input line 65.
LaTeX Info: Redefining \pageref on input line 65.
LaTeX Info: Redefining \nameref on input line 65.
 (Main.out) (Main.out)
\@outlinefile=\write6
\openout6 = `Main.out'.

 ABD: EveryShipout initializing macros
\c@lstlisting=\count196

(/var/containers/Bundle/Application/B6811DCB-0033-43DD-9C63-F9231E15CF8C/TeX Wr
iter.app/texmf-base/./tex/latex/base/inputenc.sty
Package: inputenc 2015/03/17 v1.2c Input encoding file
\inpenc@prehook=\toks40
\inpenc@posthook=\toks41
)
<Figures/Title.png, id=54, 947.54pt x 706.64pt>
File: Figures/Title.png Graphic file (type png)
 <use Figures/Title.png>
Package pdftex.def Info: Figures/Title.png used on input line 76.
(pdftex.def)             Requested size: 219.08527pt x 163.38637pt.

(Main.toc
LaTeX Font Info:    Try loading font information for U+msa on input line 2.

(/var/containers/Bundle/Application/B6811DCB-0033-43DD-9C63-F9231E15CF8C/TeX Wr
iter.app/texmf-base/./tex/latex/amsfonts/umsa.fd
File: umsa.fd 2013/01/14 v3.01 AMS symbols A
)
LaTeX Font Info:    Try loading font information for U+msb on input line 2.

(/var/containers/Bundle/Application/B6811DCB-0033-43DD-9C63-F9231E15CF8C/TeX Wr
iter.app/texmf-base/./tex/latex/amsfonts/umsb.fd
File: umsb.fd 2013/01/14 v3.01 AMS symbols B
))
\tf@toc=\write7
\openout7 = `Main.toc'.

 [1


{/var/containers/Bundle/Application/B6811DCB-0033-43DD-9C63-F9231E15CF8C/TeX Wr
iter.app/texmf-base/./fonts/map/pdftex/updmap/pdftex.map} <Figures/Title.png>] 
(Sections/beams.tex)pdfTeX warning (ext4): destination with the same identifier
 (name{page.1}) has been already used, duplicate ignored
<to be read again> 
                   \relax 
l.81 \newpage
              [1

] (Main.bbl

LaTeX Warning: Empty `thebibliography' environment on input line 3.

)
Package atveryend Info: Empty hook `BeforeClearDocument' on input line 86.
 [2

]
Package atveryend Info: Empty hook `AfterLastShipout' on input line 86.
 (Main.aux)
Package atveryend Info: Executing hook `AtVeryEndDocument' on input line 86.
Package atveryend Info: Executing hook `AtEndAfterFileList' on input line 86.
Package rerunfilecheck Info: File `Main.out' has not changed.
(rerunfilecheck)             Checksum: 5DC8E3AF7DCFA965A10C2AEF09548AC5;170.
Package atveryend Info: Empty hook `AtVeryVeryEnd' on input line 86.
 ) 
Here is how much of TeX's memory you used:
 30949 strings out of 493024
 645124 string characters out of 6124273
 707636 words of memory out of 5000000
 34036 multiletter control sequences out of 15000+600000
 12054 words of font info for 44 fonts, out of 8000000 for 9000
 1141 hyphenation exceptions out of 8191
 63i,11n,101p,10488b,557s stack positions out of 5000i,500n,10000p,200000b,80000s
</var/containers/Bundle/Application/B6811DCB-0033-43DD-9C63-F9231E15CF8C/TeX 
Writer.app/texmf-base/./fonts/type1/public/amsfonts/cm/cmbx10.pfb></var/contain
ers/Bundle/Application/B6811DCB-0033-43DD-9C63-F9231E15CF8C/TeX Writer.app/texm
f-base/./fonts/type1/public/amsfonts/cm/cmbx12.pfb></var/containers/Bundle/Appl
ication/B6811DCB-0033-43DD-9C63-F9231E15CF8C/TeX Writer.app/texmf-base/./fonts/
type1/public/amsfonts/cm/cmcsc10.pfb></var/containers/Bundle/Application/B6811D
CB-0033-43DD-9C63-F9231E15CF8C/TeX Writer.app/texmf-base/./fonts/type1/public/a
msfonts/cm/cmex10.pfb></var/containers/Bundle/Application/B6811DCB-0033-43DD-9C
63-F9231E15CF8C/TeX Writer.app/texmf-base/./fonts/type1/public/amsfonts/cm/cmmi
12.pfb></var/containers/Bundle/Application/B6811DCB-0033-43DD-9C63-F9231E15CF8C
/TeX Writer.app/texmf-base/./fonts/type1/public/amsfonts/cm/cmmi8.pfb></var/con
tainers/Bundle/Application/B6811DCB-0033-43DD-9C63-F9231E15CF8C/TeX Writer.app/
texmf-base/./fonts/type1/public/amsfonts/cm/cmr12.pfb></var/containers/Bundle/A
pplication/B6811DCB-0033-43DD-9C63-F9231E15CF8C/TeX Writer.app/texmf-base/./fon
ts/type1/public/amsfonts/cm/cmr8.pfb></var/containers/Bundle/Application/B6811D
CB-0033-43DD-9C63-F9231E15CF8C/TeX Writer.app/texmf-base/./fonts/type1/public/a
msfonts/cm/cmsy10.pfb></var/containers/Bundle/Application/B6811DCB-0033-43DD-9C
63-F9231E15CF8C/TeX Writer.app/texmf-base/./fonts/type1/public/amsfonts/cm/cmsy
8.pfb></var/containers/Bundle/Application/B6811DCB-0033-43DD-9C63-F9231E15CF8C/
TeX Writer.app/texmf-base/./fonts/type1/public/amsfonts/cm/cmti12.pfb>
Output written on Main.pdf (3 pages, 143589 bytes).
PDF statistics:
 136 PDF objects out of 1000 (max. 8388607)
 18 named destinations out of 1000 (max. 500000)
 186 words of extra memory for PDF output out of 10000 (max. 10000000)

